[2017-12-26 16:32:25 - ::1] SELECT * FROM cs_sys_page_class WHERE id='' ;
[2017-12-26 16:32:25 - ::1] SELECT * FROM cs_sys_page_class WHERE id='' ;
[2017-12-26 16:32:25 - ::1] DESCRIBE cs_sys_page_class;
[2017-12-26 16:32:25 - ::1] SELECT * FROM cs_sys_information  ;
[2017-12-26 16:32:25 - ::1] SELECT * FROM cs_sys_information  ;
[2017-12-26 16:32:25 - ::1] SELECT * FROM cs_sys_menu  ;
[2017-12-26 16:32:25 - ::1] SELECT * FROM cs_sys_menu  ;
[2017-12-26 16:32:25 - ::1] SELECT title FROM cs_sys_page_class WHERE id='15a3b1425be876' ;
[2017-12-26 16:32:25 - ::1] SELECT title FROM cs_sys_page_class WHERE id='15a3b1425be876' ;
[2017-12-26 16:32:25 - ::1] SELECT title FROM cs_sys_page_class WHERE id='15a3b150c82b6e' ;
[2017-12-26 16:32:25 - ::1] SELECT title FROM cs_sys_page_class WHERE id='15a3b150c82b6e' ;
[2017-12-26 16:32:25 - ::1] SELECT title FROM cs_sys_page_class WHERE id='15a3b24d06e736' ;
[2017-12-26 16:32:25 - ::1] SELECT title FROM cs_sys_page_class WHERE id='15a3b24d06e736' ;
[2017-12-26 16:32:25 - ::1] SELECT title FROM cs_sys_page_class WHERE id='15a3b2e775e94e' ;
[2017-12-26 16:32:25 - ::1] SELECT title FROM cs_sys_page_class WHERE id='15a3b2e775e94e' ;
[2017-12-26 16:32:25 - ::1] SELECT id FROM cs_sys_page_class WHERE landing='Y' ;
[2017-12-26 16:32:25 - ::1] SELECT id FROM cs_sys_page_class WHERE landing='Y' ;
[2017-12-26 16:32:25 - ::1] DESCRIBE cs_sys_page_class;
[2017-12-26 16:32:25 - ::1] SELECT id, title FROM cs_sys_page_class WHERE landing='Y' ;
[2017-12-26 16:32:25 - ::1] SELECT id, title FROM cs_sys_page_class WHERE landing='Y' ;
[2017-12-26 16:32:25 - ::1] DESCRIBE cs_sys_page_class;
[2017-12-26 16:32:26 - ::1] SELECT * FROM cs_sys_page_class WHERE id='' ;
[2017-12-26 16:32:26 - ::1] SELECT * FROM cs_sys_page_class WHERE id='' ;
[2017-12-26 16:32:26 - ::1] DESCRIBE cs_sys_page_class;
[2017-12-26 16:32:26 - ::1] SELECT * FROM cs_sys_information  ;
[2017-12-26 16:32:26 - ::1] SELECT * FROM cs_sys_information  ;
[2017-12-26 16:32:26 - ::1] SELECT * FROM cs_sys_menu  ;
[2017-12-26 16:32:26 - ::1] SELECT * FROM cs_sys_menu  ;
[2017-12-26 16:32:26 - ::1] SELECT title FROM cs_sys_page_class WHERE id='15a3b1425be876' ;
[2017-12-26 16:32:26 - ::1] SELECT title FROM cs_sys_page_class WHERE id='15a3b1425be876' ;
[2017-12-26 16:32:26 - ::1] SELECT title FROM cs_sys_page_class WHERE id='15a3b150c82b6e' ;
[2017-12-26 16:32:26 - ::1] SELECT title FROM cs_sys_page_class WHERE id='15a3b150c82b6e' ;
[2017-12-26 16:32:26 - ::1] SELECT title FROM cs_sys_page_class WHERE id='15a3b24d06e736' ;
[2017-12-26 16:32:26 - ::1] SELECT title FROM cs_sys_page_class WHERE id='15a3b24d06e736' ;
[2017-12-26 16:32:26 - ::1] SELECT title FROM cs_sys_page_class WHERE id='15a3b2e775e94e' ;
[2017-12-26 16:32:26 - ::1] SELECT title FROM cs_sys_page_class WHERE id='15a3b2e775e94e' ;
[2017-12-26 16:32:26 - ::1] SELECT id FROM cs_sys_page_class WHERE landing='Y' ;
[2017-12-26 16:32:26 - ::1] SELECT id FROM cs_sys_page_class WHERE landing='Y' ;
[2017-12-26 16:32:26 - ::1] DESCRIBE cs_sys_page_class;
[2017-12-26 16:32:26 - ::1] SELECT id, title FROM cs_sys_page_class WHERE landing='Y' ;
[2017-12-26 16:32:26 - ::1] SELECT id, title FROM cs_sys_page_class WHERE landing='Y' ;
[2017-12-26 16:32:26 - ::1] DESCRIBE cs_sys_page_class;
[2017-12-26 16:50:35 - ::1] SELECT * FROM cs_sys_information  ;
[2017-12-26 16:50:35 - ::1] SELECT * FROM cs_sys_information  ;
