[2017-12-27 16:39:08 - ::1] SELECT * FROM cs_sys_information  ;
[2017-12-27 16:39:08 - ::1] SELECT * FROM cs_sys_information  ;
[2017-12-27 16:39:08 - ::1] SELECT * FROM cs_sys_information  ;
[2017-12-27 16:39:08 - ::1] SELECT * FROM cs_sys_information  ;
[2017-12-27 16:39:14 - ::1] SELECT id, data_source, authority FROM cs_sys_member WHERE admin_login='Y' ;
[2017-12-27 16:39:14 - ::1] SELECT * FROM cs_sys_admin WHERE account='admin' AND password='123456' ;
[2017-12-27 16:39:14 - ::1] SELECT * FROM cs_sys_admin WHERE account='admin' AND password='123456' ;
[2017-12-27 16:39:15 - ::1] SELECT * FROM cs_sys_page_class WHERE id='' ;
[2017-12-27 16:39:15 - ::1] SELECT * FROM cs_sys_page_class WHERE id='' ;
[2017-12-27 16:39:15 - ::1] DESCRIBE cs_sys_page_class;
[2017-12-27 16:39:15 - ::1] SELECT * FROM cs_sys_information  ;
[2017-12-27 16:39:15 - ::1] SELECT * FROM cs_sys_information  ;
[2017-12-27 16:39:15 - ::1] SELECT * FROM cs_sys_menu  ;
[2017-12-27 16:39:15 - ::1] SELECT * FROM cs_sys_menu  ;
[2017-12-27 16:39:15 - ::1] SELECT title FROM cs_sys_page_class WHERE id='15a3b1425be876' ;
[2017-12-27 16:39:15 - ::1] SELECT title FROM cs_sys_page_class WHERE id='15a3b1425be876' ;
[2017-12-27 16:39:15 - ::1] SELECT title FROM cs_sys_page_class WHERE id='15a3b150c82b6e' ;
[2017-12-27 16:39:15 - ::1] SELECT title FROM cs_sys_page_class WHERE id='15a3b150c82b6e' ;
[2017-12-27 16:39:15 - ::1] SELECT title FROM cs_sys_page_class WHERE id='15a3b24d06e736' ;
[2017-12-27 16:39:15 - ::1] SELECT title FROM cs_sys_page_class WHERE id='15a3b24d06e736' ;
[2017-12-27 16:39:15 - ::1] SELECT title FROM cs_sys_page_class WHERE id='15a3b2e775e94e' ;
[2017-12-27 16:39:15 - ::1] SELECT title FROM cs_sys_page_class WHERE id='15a3b2e775e94e' ;
[2017-12-27 16:39:15 - ::1] SELECT id FROM cs_sys_page_class WHERE landing='Y' ;
[2017-12-27 16:39:15 - ::1] SELECT id FROM cs_sys_page_class WHERE landing='Y' ;
[2017-12-27 16:39:15 - ::1] DESCRIBE cs_sys_page_class;
[2017-12-27 16:39:15 - ::1] SELECT id, title FROM cs_sys_page_class WHERE landing='Y' ;
[2017-12-27 16:39:15 - ::1] SELECT id, title FROM cs_sys_page_class WHERE landing='Y' ;
[2017-12-27 16:39:15 - ::1] DESCRIBE cs_sys_page_class;
[2017-12-27 16:39:26 - ::1] SELECT * FROM cs_sys_information  ;
[2017-12-27 16:39:26 - ::1] SELECT * FROM cs_sys_information  ;
[2017-12-27 16:39:30 - ::1] SELECT id, data_source, authority FROM cs_sys_member WHERE admin_login='Y' ;
[2017-12-27 16:39:30 - ::1] SELECT * FROM cs_sys_admin WHERE account='admin' AND password='123456' ;
[2017-12-27 16:39:30 - ::1] SELECT * FROM cs_sys_admin WHERE account='admin' AND password='123456' ;
[2017-12-27 16:39:32 - ::1] SELECT * FROM cs_sys_page_class WHERE id='' ;
[2017-12-27 16:39:32 - ::1] SELECT * FROM cs_sys_page_class WHERE id='' ;
[2017-12-27 16:39:32 - ::1] DESCRIBE cs_sys_page_class;
[2017-12-27 16:39:32 - ::1] SELECT * FROM cs_sys_information  ;
[2017-12-27 16:39:32 - ::1] SELECT * FROM cs_sys_information  ;
[2017-12-27 16:39:32 - ::1] SELECT * FROM cs_sys_menu  ;
[2017-12-27 16:39:32 - ::1] SELECT * FROM cs_sys_menu  ;
[2017-12-27 16:39:32 - ::1] SELECT title FROM cs_sys_page_class WHERE id='15a3b1425be876' ;
[2017-12-27 16:39:32 - ::1] SELECT title FROM cs_sys_page_class WHERE id='15a3b1425be876' ;
[2017-12-27 16:39:32 - ::1] SELECT title FROM cs_sys_page_class WHERE id='15a3b150c82b6e' ;
[2017-12-27 16:39:32 - ::1] SELECT title FROM cs_sys_page_class WHERE id='15a3b150c82b6e' ;
[2017-12-27 16:39:32 - ::1] SELECT title FROM cs_sys_page_class WHERE id='15a3b24d06e736' ;
[2017-12-27 16:39:32 - ::1] SELECT title FROM cs_sys_page_class WHERE id='15a3b24d06e736' ;
[2017-12-27 16:39:32 - ::1] SELECT title FROM cs_sys_page_class WHERE id='15a3b2e775e94e' ;
[2017-12-27 16:39:32 - ::1] SELECT title FROM cs_sys_page_class WHERE id='15a3b2e775e94e' ;
[2017-12-27 16:39:32 - ::1] SELECT id FROM cs_sys_page_class WHERE landing='Y' ;
[2017-12-27 16:39:32 - ::1] SELECT id FROM cs_sys_page_class WHERE landing='Y' ;
[2017-12-27 16:39:32 - ::1] DESCRIBE cs_sys_page_class;
[2017-12-27 16:39:32 - ::1] SELECT id, title FROM cs_sys_page_class WHERE landing='Y' ;
[2017-12-27 16:39:32 - ::1] SELECT id, title FROM cs_sys_page_class WHERE landing='Y' ;
[2017-12-27 16:39:32 - ::1] DESCRIBE cs_sys_page_class;
