[2017-12-25 10:15:44 - ::1] SELECT * FROM cs_sys_information  ;
[2017-12-25 10:15:44 - ::1] SELECT * FROM cs_sys_information  ;
[2017-12-25 11:19:33 - ::1] SELECT * FROM cs_sys_information  ;
[2017-12-25 11:19:33 - ::1] SELECT * FROM cs_sys_information  ;
[2017-12-25 11:19:33 - ::1] SELECT * FROM cs_sys_information  ;
[2017-12-25 11:19:33 - ::1] SELECT * FROM cs_sys_information  ;
[2017-12-25 11:19:33 - ::1] SELECT * FROM cs_sys_information  ;
[2017-12-25 11:19:33 - ::1] SELECT * FROM cs_sys_information  ;
[2017-12-25 11:19:34 - ::1] SELECT * FROM cs_sys_information  ;
[2017-12-25 11:19:34 - ::1] SELECT * FROM cs_sys_information  ;
[2017-12-25 11:19:34 - ::1] SELECT * FROM cs_sys_information  ;
[2017-12-25 11:19:34 - ::1] SELECT * FROM cs_sys_information  ;
[2017-12-25 11:19:34 - ::1] SELECT * FROM cs_sys_admin  ORDER BY sortTime ASC, sequence ASC, createTime DESC;
[2017-12-25 13:44:40 - ::1] SELECT * FROM cs_sys_information  ;
[2017-12-25 13:44:40 - ::1] SELECT * FROM cs_sys_information  ;
[2017-12-25 13:44:42 - ::1] SELECT id, data_source, authority FROM cs_sys_member WHERE admin_login='Y' ;
[2017-12-25 13:44:42 - ::1] SELECT * FROM cs_sys_admin WHERE account='develop' AND password='phc' ;
[2017-12-25 13:44:42 - ::1] SELECT * FROM cs_sys_admin WHERE account='develop' AND password='phc' ;
[2017-12-25 13:44:42 - ::1] DESCRIBE cs_sys_admin;
[2017-12-25 13:44:42 - ::1] SELECT * FROM cs_generaladmin WHERE account='develop' AND password='phc' ;
[2017-12-25 13:44:42 - ::1] SELECT * FROM cs_generaladmin WHERE account='develop' AND password='phc' ;
[2017-12-25 13:44:42 - ::1] DESCRIBE cs_generaladmin;
[2017-12-25 14:13:29 - ::1] SELECT * FROM cs_sys_information  ;
[2017-12-25 14:13:29 - ::1] SELECT * FROM cs_sys_information  ;
[2017-12-25 16:55:11 - ::1] SELECT * FROM cs_sys_information  ;
[2017-12-25 16:55:11 - ::1] SELECT * FROM cs_sys_information  ;
[2017-12-25 16:55:15 - ::1] SELECT id, data_source, authority FROM cs_sys_member WHERE admin_login='Y' ;
[2017-12-25 16:55:15 - ::1] SELECT * FROM cs_sys_admin WHERE account='admin' AND password='test' ;
[2017-12-25 16:55:15 - ::1] SELECT * FROM cs_sys_admin WHERE account='admin' AND password='test' ;
[2017-12-25 16:55:15 - ::1] DESCRIBE cs_sys_admin;
[2017-12-25 16:55:15 - ::1] SELECT * FROM cs_generaladmin WHERE account='admin' AND password='test' ;
[2017-12-25 16:55:15 - ::1] SELECT * FROM cs_generaladmin WHERE account='admin' AND password='test' ;
[2017-12-25 16:55:15 - ::1] DESCRIBE cs_generaladmin;
[2017-12-25 16:55:17 - ::1] SELECT id, data_source, authority FROM cs_sys_member WHERE admin_login='Y' ;
[2017-12-25 16:55:17 - ::1] SELECT * FROM cs_sys_admin WHERE account='admin' AND password='123456' ;
[2017-12-25 16:55:17 - ::1] SELECT * FROM cs_sys_admin WHERE account='admin' AND password='123456' ;
[2017-12-25 16:55:18 - ::1] SELECT * FROM cs_sys_page_class WHERE id='' ;
[2017-12-25 16:55:18 - ::1] SELECT * FROM cs_sys_page_class WHERE id='' ;
[2017-12-25 16:55:18 - ::1] DESCRIBE cs_sys_page_class;
[2017-12-25 16:55:18 - ::1] SELECT * FROM cs_sys_information  ;
[2017-12-25 16:55:18 - ::1] SELECT * FROM cs_sys_information  ;
[2017-12-25 16:55:18 - ::1] SELECT * FROM cs_sys_menu  ;
[2017-12-25 16:55:18 - ::1] SELECT * FROM cs_sys_menu  ;
[2017-12-25 16:55:18 - ::1] SELECT title FROM cs_sys_page_class WHERE id='15a3b1425be876' ;
[2017-12-25 16:55:18 - ::1] SELECT title FROM cs_sys_page_class WHERE id='15a3b1425be876' ;
[2017-12-25 16:55:18 - ::1] SELECT title FROM cs_sys_page_class WHERE id='15a3b150c82b6e' ;
[2017-12-25 16:55:18 - ::1] SELECT title FROM cs_sys_page_class WHERE id='15a3b150c82b6e' ;
[2017-12-25 16:55:18 - ::1] SELECT title FROM cs_sys_page_class WHERE id='15a3b24d06e736' ;
[2017-12-25 16:55:18 - ::1] SELECT title FROM cs_sys_page_class WHERE id='15a3b24d06e736' ;
[2017-12-25 16:55:18 - ::1] SELECT title FROM cs_sys_page_class WHERE id='15a3b2e775e94e' ;
[2017-12-25 16:55:18 - ::1] SELECT title FROM cs_sys_page_class WHERE id='15a3b2e775e94e' ;
[2017-12-25 16:55:18 - ::1] SELECT id FROM cs_sys_page_class WHERE landing='Y' ;
[2017-12-25 16:55:18 - ::1] SELECT id FROM cs_sys_page_class WHERE landing='Y' ;
[2017-12-25 16:55:18 - ::1] DESCRIBE cs_sys_page_class;
[2017-12-25 16:55:18 - ::1] SELECT id, title FROM cs_sys_page_class WHERE landing='Y' ;
[2017-12-25 16:55:18 - ::1] SELECT id, title FROM cs_sys_page_class WHERE landing='Y' ;
[2017-12-25 16:55:18 - ::1] DESCRIBE cs_sys_page_class;
[2017-12-25 16:55:35 - ::1] SELECT * FROM cs_sys_page_class WHERE id='15a3b1425be876' ;
[2017-12-25 16:55:35 - ::1] SELECT * FROM cs_sys_page_class WHERE id='15a3b1425be876' ;
[2017-12-25 16:55:35 - ::1] SELECT * FROM cs_sys_information  ;
[2017-12-25 16:55:35 - ::1] SELECT * FROM cs_sys_information  ;
[2017-12-25 16:55:35 - ::1] SELECT * FROM cs_sys_menu  ;
[2017-12-25 16:55:35 - ::1] SELECT * FROM cs_sys_menu  ;
[2017-12-25 16:55:35 - ::1] SELECT title FROM cs_sys_page_class WHERE id='15a3b1425be876' ;
[2017-12-25 16:55:35 - ::1] SELECT title FROM cs_sys_page_class WHERE id='15a3b1425be876' ;
[2017-12-25 16:55:35 - ::1] SELECT title FROM cs_sys_page_class WHERE id='15a3b150c82b6e' ;
[2017-12-25 16:55:35 - ::1] SELECT title FROM cs_sys_page_class WHERE id='15a3b150c82b6e' ;
[2017-12-25 16:55:35 - ::1] SELECT title FROM cs_sys_page_class WHERE id='15a3b24d06e736' ;
[2017-12-25 16:55:35 - ::1] SELECT title FROM cs_sys_page_class WHERE id='15a3b24d06e736' ;
[2017-12-25 16:55:35 - ::1] SELECT title FROM cs_sys_page_class WHERE id='15a3b2e775e94e' ;
[2017-12-25 16:55:35 - ::1] SELECT title FROM cs_sys_page_class WHERE id='15a3b2e775e94e' ;
[2017-12-25 16:55:35 - ::1] SELECT * FROM cs_sys_page WHERE parentID='15a3b1425be876' ORDER BY sortTime ASC, sequence ASC, createTime DESC;
[2017-12-25 16:55:35 - ::1] SELECT id, title FROM cs_sys_page_class WHERE id='15a3b1425be876' ;
[2017-12-25 16:55:35 - ::1] SELECT id, title FROM cs_sys_page_class WHERE id='15a3b1425be876' ;
[2017-12-25 16:55:35 - ::1] SELECT * FROM cs_sys_widget WHERE id='15a3b138a94c7e' ;
[2017-12-25 16:55:35 - ::1] SELECT * FROM cs_sys_widget WHERE id='15a3b138a94c7e' ;
[2017-12-25 16:55:35 - ::1] SELECT * FROM cs_sys_information  ;
[2017-12-25 16:55:35 - ::1] SELECT * FROM cs_sys_information  ;
[2017-12-25 16:55:35 - ::1] SELECT * FROM cs_sys_information  ;
[2017-12-25 16:55:35 - ::1] SELECT * FROM cs_sys_information  ;
[2017-12-25 16:55:35 - ::1] SELECT * FROM cs_course  ORDER BY topTime DESC, sortTime ASC, sequence ASC, createTime DESC;
[2017-12-25 16:55:35 - ::1] SELECT * FROM cs_course  ORDER BY topTime DESC, sortTime ASC, sequence ASC, createTime DESC;
[2017-12-25 16:55:55 - ::1] SELECT * FROM cs_sys_page_class WHERE id='15a3b150c82b6e' ;
[2017-12-25 16:55:55 - ::1] SELECT * FROM cs_sys_page_class WHERE id='15a3b150c82b6e' ;
[2017-12-25 16:55:55 - ::1] SELECT * FROM cs_sys_information  ;
[2017-12-25 16:55:55 - ::1] SELECT * FROM cs_sys_information  ;
[2017-12-25 16:55:55 - ::1] SELECT * FROM cs_sys_menu  ;
[2017-12-25 16:55:55 - ::1] SELECT * FROM cs_sys_menu  ;
[2017-12-25 16:55:55 - ::1] SELECT title FROM cs_sys_page_class WHERE id='15a3b1425be876' ;
[2017-12-25 16:55:55 - ::1] SELECT title FROM cs_sys_page_class WHERE id='15a3b1425be876' ;
[2017-12-25 16:55:55 - ::1] SELECT title FROM cs_sys_page_class WHERE id='15a3b150c82b6e' ;
[2017-12-25 16:55:55 - ::1] SELECT title FROM cs_sys_page_class WHERE id='15a3b150c82b6e' ;
[2017-12-25 16:55:55 - ::1] SELECT title FROM cs_sys_page_class WHERE id='15a3b24d06e736' ;
[2017-12-25 16:55:55 - ::1] SELECT title FROM cs_sys_page_class WHERE id='15a3b24d06e736' ;
[2017-12-25 16:55:55 - ::1] SELECT title FROM cs_sys_page_class WHERE id='15a3b2e775e94e' ;
[2017-12-25 16:55:55 - ::1] SELECT title FROM cs_sys_page_class WHERE id='15a3b2e775e94e' ;
[2017-12-25 16:55:55 - ::1] SELECT * FROM cs_sys_page WHERE parentID='15a3b150c82b6e' ORDER BY sortTime ASC, sequence ASC, createTime DESC;
[2017-12-25 16:55:55 - ::1] SELECT id, title FROM cs_sys_page_class WHERE id='15a3b150c82b6e' ;
[2017-12-25 16:55:55 - ::1] SELECT id, title FROM cs_sys_page_class WHERE id='15a3b150c82b6e' ;
[2017-12-25 16:55:55 - ::1] SELECT * FROM cs_sys_widget WHERE id='15a3b12accd6be' ;
[2017-12-25 16:55:55 - ::1] SELECT * FROM cs_sys_widget WHERE id='15a3b12accd6be' ;
[2017-12-25 16:55:55 - ::1] SELECT * FROM cs_sys_information  ;
[2017-12-25 16:55:55 - ::1] SELECT * FROM cs_sys_information  ;
[2017-12-25 16:55:55 - ::1] SELECT * FROM cs_sys_information  ;
[2017-12-25 16:55:55 - ::1] SELECT * FROM cs_sys_information  ;
[2017-12-25 16:55:55 - ::1] SELECT * FROM cs_coursesignup  ORDER BY topTime DESC, sortTime ASC, sequence ASC, createTime DESC;
[2017-12-25 16:55:55 - ::1] SELECT * FROM cs_coursesignup  ORDER BY topTime DESC, sortTime ASC, sequence ASC, createTime DESC;
[2017-12-25 16:55:55 - ::1] SELECT * FROM cs_course  ;
[2017-12-25 16:55:57 - ::1] SELECT * FROM cs_sys_page_class WHERE id='15a3b24d06e736' ;
[2017-12-25 16:55:57 - ::1] SELECT * FROM cs_sys_page_class WHERE id='15a3b24d06e736' ;
[2017-12-25 16:55:57 - ::1] SELECT * FROM cs_sys_information  ;
[2017-12-25 16:55:57 - ::1] SELECT * FROM cs_sys_information  ;
[2017-12-25 16:55:57 - ::1] SELECT * FROM cs_sys_menu  ;
[2017-12-25 16:55:57 - ::1] SELECT * FROM cs_sys_menu  ;
[2017-12-25 16:55:57 - ::1] SELECT title FROM cs_sys_page_class WHERE id='15a3b1425be876' ;
[2017-12-25 16:55:57 - ::1] SELECT title FROM cs_sys_page_class WHERE id='15a3b1425be876' ;
[2017-12-25 16:55:57 - ::1] SELECT title FROM cs_sys_page_class WHERE id='15a3b150c82b6e' ;
[2017-12-25 16:55:57 - ::1] SELECT title FROM cs_sys_page_class WHERE id='15a3b150c82b6e' ;
[2017-12-25 16:55:57 - ::1] SELECT title FROM cs_sys_page_class WHERE id='15a3b24d06e736' ;
[2017-12-25 16:55:57 - ::1] SELECT title FROM cs_sys_page_class WHERE id='15a3b24d06e736' ;
[2017-12-25 16:55:57 - ::1] SELECT title FROM cs_sys_page_class WHERE id='15a3b2e775e94e' ;
[2017-12-25 16:55:57 - ::1] SELECT title FROM cs_sys_page_class WHERE id='15a3b2e775e94e' ;
[2017-12-25 16:55:57 - ::1] SELECT * FROM cs_sys_page WHERE parentID='15a3b24d06e736' ORDER BY sortTime ASC, sequence ASC, createTime DESC;
[2017-12-25 16:55:57 - ::1] SELECT id, title FROM cs_sys_page_class WHERE id='15a3b24d06e736' ;
[2017-12-25 16:55:57 - ::1] SELECT id, title FROM cs_sys_page_class WHERE id='15a3b24d06e736' ;
[2017-12-25 16:55:57 - ::1] SELECT * FROM cs_sys_widget WHERE id='15a3b24a7e8856' ;
[2017-12-25 16:55:57 - ::1] SELECT * FROM cs_sys_widget WHERE id='15a3b24a7e8856' ;
[2017-12-25 16:55:57 - ::1] SELECT * FROM cs_sys_information  ;
[2017-12-25 16:55:57 - ::1] SELECT * FROM cs_sys_information  ;
[2017-12-25 16:55:57 - ::1] SELECT * FROM cs_sys_information  ;
[2017-12-25 16:55:57 - ::1] SELECT * FROM cs_sys_information  ;
[2017-12-25 16:55:57 - ::1] SELECT * FROM cs_activity  ORDER BY topTime DESC, sortTime ASC, sequence ASC, createTime DESC;
[2017-12-25 16:55:57 - ::1] SELECT * FROM cs_activity  ORDER BY topTime DESC, sortTime ASC, sequence ASC, createTime DESC;
[2017-12-25 16:56:01 - ::1] SELECT * FROM cs_sys_page_class WHERE id='15a3b1425be876' ;
[2017-12-25 16:56:01 - ::1] SELECT * FROM cs_sys_page_class WHERE id='15a3b1425be876' ;
[2017-12-25 16:56:01 - ::1] SELECT * FROM cs_sys_information  ;
[2017-12-25 16:56:01 - ::1] SELECT * FROM cs_sys_information  ;
[2017-12-25 16:56:01 - ::1] SELECT * FROM cs_sys_menu  ;
[2017-12-25 16:56:01 - ::1] SELECT * FROM cs_sys_menu  ;
[2017-12-25 16:56:01 - ::1] SELECT title FROM cs_sys_page_class WHERE id='15a3b1425be876' ;
[2017-12-25 16:56:01 - ::1] SELECT title FROM cs_sys_page_class WHERE id='15a3b1425be876' ;
[2017-12-25 16:56:01 - ::1] SELECT title FROM cs_sys_page_class WHERE id='15a3b150c82b6e' ;
[2017-12-25 16:56:01 - ::1] SELECT title FROM cs_sys_page_class WHERE id='15a3b150c82b6e' ;
[2017-12-25 16:56:01 - ::1] SELECT title FROM cs_sys_page_class WHERE id='15a3b24d06e736' ;
[2017-12-25 16:56:01 - ::1] SELECT title FROM cs_sys_page_class WHERE id='15a3b24d06e736' ;
[2017-12-25 16:56:01 - ::1] SELECT title FROM cs_sys_page_class WHERE id='15a3b2e775e94e' ;
[2017-12-25 16:56:01 - ::1] SELECT title FROM cs_sys_page_class WHERE id='15a3b2e775e94e' ;
[2017-12-25 16:56:01 - ::1] SELECT * FROM cs_sys_page WHERE parentID='15a3b1425be876' ORDER BY sortTime ASC, sequence ASC, createTime DESC;
[2017-12-25 16:56:01 - ::1] SELECT id, title FROM cs_sys_page_class WHERE id='15a3b1425be876' ;
[2017-12-25 16:56:01 - ::1] SELECT id, title FROM cs_sys_page_class WHERE id='15a3b1425be876' ;
[2017-12-25 16:56:01 - ::1] SELECT * FROM cs_sys_widget WHERE id='15a3b138a94c7e' ;
[2017-12-25 16:56:01 - ::1] SELECT * FROM cs_sys_widget WHERE id='15a3b138a94c7e' ;
[2017-12-25 16:56:01 - ::1] SELECT * FROM cs_sys_information  ;
[2017-12-25 16:56:01 - ::1] SELECT * FROM cs_sys_information  ;
[2017-12-25 16:56:01 - ::1] SELECT * FROM cs_sys_information  ;
[2017-12-25 16:56:01 - ::1] SELECT * FROM cs_sys_information  ;
[2017-12-25 16:56:01 - ::1] SELECT * FROM cs_course  ORDER BY topTime DESC, sortTime ASC, sequence ASC, createTime DESC;
[2017-12-25 16:56:01 - ::1] SELECT * FROM cs_course  ORDER BY topTime DESC, sortTime ASC, sequence ASC, createTime DESC;
[2017-12-25 16:56:02 - ::1] SELECT * FROM cs_sys_page_class WHERE id='15a3b1425be876' ;
[2017-12-25 16:56:02 - ::1] SELECT * FROM cs_sys_page_class WHERE id='15a3b1425be876' ;
[2017-12-25 16:56:02 - ::1] SELECT * FROM cs_sys_information  ;
[2017-12-25 16:56:02 - ::1] SELECT * FROM cs_sys_information  ;
[2017-12-25 16:56:02 - ::1] SELECT * FROM cs_sys_menu  ;
[2017-12-25 16:56:02 - ::1] SELECT * FROM cs_sys_menu  ;
[2017-12-25 16:56:02 - ::1] SELECT title FROM cs_sys_page_class WHERE id='15a3b1425be876' ;
[2017-12-25 16:56:02 - ::1] SELECT title FROM cs_sys_page_class WHERE id='15a3b1425be876' ;
[2017-12-25 16:56:02 - ::1] SELECT title FROM cs_sys_page_class WHERE id='15a3b150c82b6e' ;
[2017-12-25 16:56:02 - ::1] SELECT title FROM cs_sys_page_class WHERE id='15a3b150c82b6e' ;
[2017-12-25 16:56:02 - ::1] SELECT title FROM cs_sys_page_class WHERE id='15a3b24d06e736' ;
[2017-12-25 16:56:02 - ::1] SELECT title FROM cs_sys_page_class WHERE id='15a3b24d06e736' ;
[2017-12-25 16:56:02 - ::1] SELECT title FROM cs_sys_page_class WHERE id='15a3b2e775e94e' ;
[2017-12-25 16:56:02 - ::1] SELECT title FROM cs_sys_page_class WHERE id='15a3b2e775e94e' ;
[2017-12-25 16:56:02 - ::1] SELECT * FROM cs_sys_page WHERE parentID='15a3b1425be876' ORDER BY sortTime ASC, sequence ASC, createTime DESC;
[2017-12-25 16:56:02 - ::1] SELECT id, title FROM cs_sys_page_class WHERE id='15a3b1425be876' ;
[2017-12-25 16:56:02 - ::1] SELECT id, title FROM cs_sys_page_class WHERE id='15a3b1425be876' ;
[2017-12-25 16:56:02 - ::1] SELECT * FROM cs_sys_widget WHERE id='15a3b138a94c7e' ;
[2017-12-25 16:56:02 - ::1] SELECT * FROM cs_sys_widget WHERE id='15a3b138a94c7e' ;
[2017-12-25 16:56:02 - ::1] SELECT * FROM cs_sys_information  ;
[2017-12-25 16:56:02 - ::1] SELECT * FROM cs_sys_information  ;
[2017-12-25 16:56:02 - ::1] SELECT * FROM cs_sys_information  ;
[2017-12-25 16:56:02 - ::1] SELECT * FROM cs_sys_information  ;
[2017-12-25 16:56:02 - ::1] SELECT * FROM cs_course  ORDER BY topTime DESC, sortTime ASC, sequence ASC, createTime DESC;
[2017-12-25 16:56:02 - ::1] SELECT * FROM cs_course  ORDER BY topTime DESC, sortTime ASC, sequence ASC, createTime DESC;
[2017-12-25 16:56:07 - ::1] SELECT * FROM cs_sys_page_class WHERE id='15a3b150c82b6e' ;
[2017-12-25 16:56:07 - ::1] SELECT * FROM cs_sys_page_class WHERE id='15a3b150c82b6e' ;
[2017-12-25 16:56:07 - ::1] SELECT * FROM cs_sys_information  ;
[2017-12-25 16:56:07 - ::1] SELECT * FROM cs_sys_information  ;
[2017-12-25 16:56:07 - ::1] SELECT * FROM cs_sys_menu  ;
[2017-12-25 16:56:07 - ::1] SELECT * FROM cs_sys_menu  ;
[2017-12-25 16:56:07 - ::1] SELECT title FROM cs_sys_page_class WHERE id='15a3b1425be876' ;
[2017-12-25 16:56:07 - ::1] SELECT title FROM cs_sys_page_class WHERE id='15a3b1425be876' ;
[2017-12-25 16:56:07 - ::1] SELECT title FROM cs_sys_page_class WHERE id='15a3b150c82b6e' ;
[2017-12-25 16:56:07 - ::1] SELECT title FROM cs_sys_page_class WHERE id='15a3b150c82b6e' ;
[2017-12-25 16:56:07 - ::1] SELECT title FROM cs_sys_page_class WHERE id='15a3b24d06e736' ;
[2017-12-25 16:56:07 - ::1] SELECT title FROM cs_sys_page_class WHERE id='15a3b24d06e736' ;
[2017-12-25 16:56:07 - ::1] SELECT title FROM cs_sys_page_class WHERE id='15a3b2e775e94e' ;
[2017-12-25 16:56:07 - ::1] SELECT title FROM cs_sys_page_class WHERE id='15a3b2e775e94e' ;
[2017-12-25 16:56:07 - ::1] SELECT * FROM cs_sys_page WHERE parentID='15a3b150c82b6e' ORDER BY sortTime ASC, sequence ASC, createTime DESC;
[2017-12-25 16:56:07 - ::1] SELECT id, title FROM cs_sys_page_class WHERE id='15a3b150c82b6e' ;
[2017-12-25 16:56:07 - ::1] SELECT id, title FROM cs_sys_page_class WHERE id='15a3b150c82b6e' ;
[2017-12-25 16:56:08 - ::1] SELECT * FROM cs_sys_widget WHERE id='15a3b12accd6be' ;
[2017-12-25 16:56:08 - ::1] SELECT * FROM cs_sys_widget WHERE id='15a3b12accd6be' ;
[2017-12-25 16:56:08 - ::1] SELECT * FROM cs_sys_information  ;
[2017-12-25 16:56:08 - ::1] SELECT * FROM cs_sys_information  ;
[2017-12-25 16:56:08 - ::1] SELECT * FROM cs_sys_information  ;
[2017-12-25 16:56:08 - ::1] SELECT * FROM cs_sys_information  ;
[2017-12-25 16:56:08 - ::1] SELECT * FROM cs_coursesignup  ORDER BY topTime DESC, sortTime ASC, sequence ASC, createTime DESC;
[2017-12-25 16:56:08 - ::1] SELECT * FROM cs_coursesignup  ORDER BY topTime DESC, sortTime ASC, sequence ASC, createTime DESC;
[2017-12-25 16:56:08 - ::1] SELECT * FROM cs_course  ;
